<?xml version="1.0" encoding="UTF-8"?>
<!-- Generated by org.testng.reporters.JUnitXMLReporter -->
<testsuite ignored="0" hostname="ASUS-PC" failures="0" tests="7" name="TestOnFireFox" time="64.668" errors="0" timestamp="2021-11-24T18:37:20 EST">
  <testcase classname="com.automation.testcases.TestClass_TryHere" name="ChooseIntroduction_LL_Check_Links_On_Page" time="7.366"/>
  <testcase classname="com.automation.testcases.TestClass_TryHere" name="Creating_Linked_List" time="6.038"/>
  <testcase classname="com.automation.testcases.TestClass_TryHere" name="Deletion" time="6.323"/>
  <testcase classname="com.automation.testcases.TestClass_TryHere" name="Implement_Linked_List_In_Python" time="5.498"/>
  <testcase classname="com.automation.testcases.TestClass_TryHere" name="Insertion" time="5.488"/>
  <testcase classname="com.automation.testcases.TestClass_TryHere" name="Traversal" time="5.563"/>
  <testcase classname="com.automation.testcases.TestClass_TryHere" name="Types_Of_Linked_List" time="5.833"/>
</testsuite> <!-- TestOnFireFox -->
