<?xml version="1.0" encoding="UTF-8"?>
<!-- Generated by org.testng.reporters.JUnitXMLReporter -->
<testsuite ignored="0" hostname="ASUS-PC" failures="0" tests="7" name="Test" time="32.028" errors="0" timestamp="2021-11-23T16:35:00 EST">
  <testcase classname="com.automation.testcases.TestLinks_AllLinkedLists_Options" name="Introduction_Check" time="2.773"/>
  <testcase classname="com.automation.testcases.TestLinks_AllLinkedLists_Options" name="Creating_Linked_List_Check" time="2.479"/>
  <testcase classname="com.automation.testcases.TestLinks_AllLinkedLists_Options" name="Types_Of_Linked_List" time="2.88"/>
  <testcase classname="com.automation.testcases.TestLinks_AllLinkedLists_Options" name="Implement_Linked_List_In_Python" time="2.554"/>
  <testcase classname="com.automation.testcases.TestLinks_AllLinkedLists_Options" name="Traversal" time="2.452"/>
  <testcase classname="com.automation.testcases.TestLinks_AllLinkedLists_Options" name="Insertion" time="2.444"/>
  <testcase classname="com.automation.testcases.TestLinks_AllLinkedLists_Options" name="Deletion" time="2.364"/>
</testsuite> <!-- Test -->
